Note: Line numbers for system and library calls may be incorrect 
Begin traceback...
Called from [func: (null)], at 0xf7642c4c, args=0x2 0x0 0xf7735a3c 0xf7802650
Called from [func: (null)], at 0xf764b8e0, args=0x0 0x46ff0 0x80 0x1
Called from [func: (null)], at 0xf76e1e80, args=0x40440 0xffffffff 0x0 0x32400
Called from [func: _traddk_], at 0x5d4c, args=0x3c937 0x1b 0x40468 0x0
Called from [func: _MAIN_], at 0x23a8, args=0x0 0x324e0 0xffffffff 0x10
Called from [func: (null)], at 0xf76e0c38, args=0x0 0x1 0x1 0x2e000000
Called from [func: start], at 0x2064, args=0x0 0x10 0xf7fffb4c 0x32400
End traceback...
Note: Line numbers for system and library calls may be incorrect 
Begin traceback...
Called from [func: (null)], at 0xf7642c4c, args=0x2 0x0 0xf7735a3c 0xf7802650
Called from [func: (null)], at 0xf764b8e0, args=0x0 0x47000 0x80 0x1
Called from [func: (null)], at 0xf76e1e80, args=0x40448 0xffffffff 0x0 0x32400
Called from [func: _traddk_], at 0x5e0c, args=0x3c93f 0x1b 0x40470 0x0
Called from [func: _MAIN_], at 0x2464, args=0x0 0x324e8 0xffffffff 0x10
Called from [func: (null)], at 0xf76e0c38, args=0x0 0x1 0x1 0x2e000000
Called from [func: start], at 0x2064, args=0x0 0x10 0xf7fffb4c 0x32400
End traceback...
Note: Line numbers for system and library calls may be incorrect 
Begin traceback...
Called from [func: (null)], at 0xf7642c4c, args=0x2 0x0 0xf7735a3c 0xf7802650
Called from [func: (null)], at 0xf764b8e0, args=0x0 0x46ff8 0x80 0x1
Called from [func: (null)], at 0xf76e1e80, args=0x40448 0xffffffff 0x0 0xf7740db4
Called from [func: _trfind_], at 0x5654, args=0x3c7cf 0xf 0x40470 0xf7740db4
Called from [func: _MAIN_], at 0x23e8, args=0x41848 0x32454 0x7 0x3c790
Called from [func: (null)], at 0xf76e0c38, args=0x0 0x1 0x1 0x2e000000
Called from [func: start], at 0x2064, args=0x0 0x10 0xf7fffb4c 0x32400
End traceback...
Note: Line numbers for system and library calls may be incorrect 
Begin traceback...
Called from [func: (null)], at 0xf7642c4c, args=0x2 0x0 0xf7735a3c 0xf7802650
Called from [func: (null)], at 0xf764b8e0, args=0x0 0x46ff8 0x80 0x1
Called from [func: (null)], at 0xf76e1e80, args=0x40448 0xffffffff 0x0 0xf7740db4
Called from [func: _trfind_], at 0x5654, args=0x3c7cf 0xf 0x40470 0xf7740db4
Called from [func: _MAIN_], at 0x23e8, args=0x41848 0x32454 0x7 0x3c790
Called from [func: (null)], at 0xf76e0c38, args=0x0 0x1 0x1 0x2e000000
Called from [func: start], at 0x2064, args=0x0 0x10 0xf7fffb4c 0x32400
End traceback...
Note: Line numbers for system and library calls may be incorrect 
Begin traceback...
Called from [func: (null)], at 0xf7642c4c, args=0x2 0x0 0xf7735a3c 0xf7802650
Called from [func: (null)], at 0xf764b8e0, args=0x0 0x47000 0x80 0x1
Called from [func: (null)], at 0xf76e1e80, args=0x40450 0xffffffff 0x0 0x32400
Called from [func: _traddk_], at 0x5e78, args=0x3c97d 0x19 0x40478 0x378
Called from [func: _MAIN_], at 0x246c, args=0xb 0x324f0 0xffffffff 0x17d0
Called from [func: (null)], at 0xf76e0c38, args=0x0 0x1 0x1 0x2e000000
Called from [func: start], at 0x2064, args=0x0 0x10 0xf7fffb4c 0x32400
End traceback...
Note: Line numbers for system and library calls may be incorrect 
Begin traceback...
Called from [func: (null)], at 0xf7642c4c, args=0x2 0x0 0xf7735a3c 0xf7802650
Called from [func: (null)], at 0xf764b8e0, args=0x0 0x46f70 0x80 0x1
Called from [func: (null)], at 0xf76e1e80, args=0x40450 0xffffffff 0x0 0xf7740db4
Called from [func: _trfind_], at 0x5714, args=0x3c7d7 0xf 0x40478 0xf7740db4
Called from [func: _tropnk_], at 0x2b54, args=0x41928 0x41870 0x1 0x3c798
Called from [func: _tropnn_], at 0x27dc, args=0x0 0x41870 0x41868 0xffffffff
Called from [func: _MAIN_], at 0x2434, args=0x41844 0x32448 0x32440 0x32444
Called from [func: (null)], at 0xf76e0c38, args=0x0 0x1 0x1 0x2e000000
Called from [func: start], at 0x2064, args=0x0 0x10 0xf7fffb4c 0x32400
End traceback...
Note: Line numbers for system and library calls may be incorrect 
Begin traceback...
Called from [func: (null)], at 0xf7642c4c, args=0x2 0x0 0xf7735a3c 0xf7802650
Called from [func: (null)], at 0xf764b8e0, args=0x0 0x47000 0x80 0x1
Called from [func: (null)], at 0xf76e1e80, args=0x40450 0xffffffff 0x0 0x32400
Called from [func: _traddk_], at 0x5e78, args=0x3c97d 0x19 0x40478 0x378
Called from [func: _MAIN_], at 0x246c, args=0xb 0x324f0 0xffffffff 0xd50
Called from [func: (null)], at 0xf76e0c38, args=0x0 0x1 0x1 0x2e000000
Called from [func: start], at 0x2064, args=0x0 0x10 0xf7fffb4c 0x32400
End traceback...
Note: Line numbers for system and library calls may be incorrect 
Begin traceback...
Called from [func: (null)], at 0xf7642c4c, args=0x2 0x0 0xf7735a3c 0xf7802650
Called from [func: (null)], at 0xf764b8e0, args=0x0 0x46f70 0x80 0x1
Called from [func: (null)], at 0xf76e1e80, args=0x40450 0xffffffff 0x0 0xf7740db4
Called from [func: _trfind_], at 0x570c, args=0x3c7d7 0xf 0x40478 0xf7740db4
Called from [func: _tropnk_], at 0x2b4c, args=0x41928 0x41870 0x1 0x3c798
Called from [func: _tropnn_], at 0x27d4, args=0x0 0x41870 0x41868 0xffffffff
Called from [func: _MAIN_], at 0x2430, args=0x41844 0x32448 0x32440 0x32444
Called from [func: (null)], at 0xf76e0c38, args=0x0 0x1 0x1 0x2e000000
Called from [func: start], at 0x2064, args=0x0 0x10 0xf7fffb4c 0x32400
End traceback...
Note: Line numbers for system and library calls may be incorrect 
Begin traceback...
Called from [func: (null)], at 0xf7642c4c, args=0x2 0x0 0xf7735a3c 0xf7802650
Called from [func: (null)], at 0xf764b8e0, args=0x0 0x47000 0x80 0x1
Called from [func: (null)], at 0xf76e1e80, args=0x40450 0xffffffff 0x0 0xf7740db4
Called from [func: _trfind_], at 0x570c, args=0x3c7d7 0xf 0x40478 0xf7740db4
Called from [func: _MAIN_], at 0x24a4, args=0x41854 0x3245c 0x7 0x3c798
Called from [func: (null)], at 0xf76e0c38, args=0x0 0x1 0x1 0x2e000000
Called from [func: start], at 0x2064, args=0x0 0x10 0xf7fffb4c 0x32400
End traceback...
Note: Line numbers for system and library calls may be incorrect 
Begin traceback...
Called from [func: (null)], at 0xf7642c4c, args=0x2 0x0 0xf7735a3c 0xf7802650
Called from [func: (null)], at 0xf764b8e0, args=0x0 0x46f70 0x80 0x1
Called from [func: (null)], at 0xf76e1e80, args=0x40450 0xffffffff 0x0 0xf7740db4
Called from [func: _trfind_], at 0x570c, args=0x3c7d7 0xf 0x40478 0xf7740db4
Called from [func: _tropnk_], at 0x2b4c, args=0x41928 0x41870 0x1 0x3c798
Called from [func: _tropnn_], at 0x27d4, args=0x0 0x41870 0x41868 0xffffffff
Called from [func: _MAIN_], at 0x2430, args=0x41844 0x32448 0x32440 0x32444
Called from [func: (null)], at 0xf76e0c38, args=0x0 0x1 0x1 0x2e000000
Called from [func: start], at 0x2064, args=0x0 0x10 0xf7fffb4c 0x32400
End traceback...
Note: Line numbers for system and library calls may be incorrect 
Begin traceback...
Called from [func: (null)], at 0xf7642c4c, args=0x2 0x0 0xf7735a3c 0xf7802650
Called from [func: (null)], at 0xf764b8e0, args=0x0 0x46f70 0x80 0x1
Called from [func: (null)], at 0xf76e1e80, args=0x40450 0xffffffff 0x0 0xf7740db4
Called from [func: _trfind_], at 0x570c, args=0x3c7d7 0xf 0x40478 0xf7740db4
Called from [func: _tropnk_], at 0x2b4c, args=0x41928 0x41870 0x1 0x3c798
Called from [func: _tropnn_], at 0x27d4, args=0x0 0x41870 0x41868 0xffffffff
Called from [func: _MAIN_], at 0x2430, args=0x41844 0x32448 0x32440 0x32444
Called from [func: (null)], at 0xf76e0c38, args=0x0 0x1 0x1 0x2e000000
Called from [func: start], at 0x2064, args=0x0 0x10 0xf7fffb4c 0x32400
End traceback...
Note: Line numbers for system and library calls may be incorrect 
Begin traceback...
Called from [func: (null)], at 0xf7642c4c, args=0x2 0x0 0xf7735a3c 0xf7802650
Called from [func: (null)], at 0xf764b8e0, args=0x0 0x47000 0x80 0x1
Called from [func: (null)], at 0xf76e1e80, args=0x40450 0xffffffff 0xf76e1c78 0x0
Called from [func: _trfind_], at 0x570c, args=0x3c7d7 0xf 0x40478 0xf7740db4
Called from [func: _MAIN_], at 0x24a4, args=0x41854 0x3245c 0x7 0x3c798
Called from [func: (null)], at 0xf76e0c38, args=0x0 0x1 0x1 0x2e000000
Called from [func: start], at 0x2064, args=0x0 0x10 0xf7fffb4c 0x32400
End traceback...
Note: Line numbers for system and library calls may be incorrect 
Begin traceback...
Called from [func: (null)], at 0xf7642c4c, args=0x2 0x0 0xf7735a3c 0xf7802650
Called from [func: (null)], at 0xf764b8e0, args=0x0 0x47000 0x80 0x1
Called from [func: (null)], at 0xf76e1e80, args=0x40450 0xffffffff 0x0 0xf7740db4
Called from [func: _trfind_], at 0x570c, args=0x3c7d7 0xf 0x40478 0xf7740db4
Called from [func: _MAIN_], at 0x24a4, args=0x41854 0x3245c 0x7 0x3c798
Called from [func: (null)], at 0xf76e0c38, args=0x0 0x1 0x1 0x2e000000
Called from [func: start], at 0x2064, args=0x0 0x10 0xf7fffb4c 0x32400
End traceback...
Note: Line numbers for system and library calls may be incorrect 
Begin traceback...
Called from [func: (null)], at 0xf7642c4c, args=0x2 0x0 0xf7735a3c 0xf7802650
Called from [func: (null)], at 0xf764b8e0, args=0x0 0x47000 0x80 0x1
Called from [func: (null)], at 0xf76e1e80, args=0x40450 0xffffffff 0x0 0xf7740db4
Called from [func: _trfind_], at 0x5714, args=0x3c7d7 0xf 0x40478 0xf7740db4
Called from [func: _MAIN_], at 0x24a8, args=0x41854 0x3245c 0x7 0x3c798
Called from [func: (null)], at 0xf76e0c38, args=0x0 0x1 0x1 0x2e000000
Called from [func: start], at 0x2064, args=0x0 0x10 0xf7fffb4c 0x32400
End traceback...
Note: Line numbers for system and library calls may be incorrect 
Begin traceback...
Called from [func: (null)], at 0xf7642c4c, args=0x2 0x0 0xf7735a3c 0xf7802650
Called from [func: (null)], at 0xf764b8e0, args=0x0 0x47000 0x80 0x1
Called from [func: (null)], at 0xf76e1e80, args=0x40450 0xffffffff 0x324f0 0x314
Called from [func: _trbmrg_], at 0x4ed8, args=0x3c4b0 0x18 0x40478 0x33144
Called from [func: _trdelk_], at 0x3ea4, args=0x3 0x41a8c 0x33144 0x4c0
Called from [func: _MAIN_], at 0x2578, args=0x41854 0x0 0x1 0x41a3c
Called from [func: (null)], at 0xf76e0c38, args=0x0 0x1 0x1 0x2e000000
Called from [func: start], at 0x2064, args=0x0 0x10 0xf7fffb4c 0x32400
End traceback...
Note: Line numbers for system and library calls may be incorrect 
Begin traceback...
Called from [func: (null)], at 0xf7642c4c, args=0x2 0x0 0xf7735a3c 0xf7802650
Called from [func: (null)], at 0xf764b8e0, args=0x0 0x46f70 0x80 0x1
Called from [func: (null)], at 0xf76e1e80, args=0x40450 0xffffffff 0x0 0xf7740db4
Called from [func: _trfind_], at 0x570c, args=0x3c7d7 0xf 0x40478 0xf7740db4
Called from [func: _tropnk_], at 0x2b4c, args=0x41928 0x41870 0x3 0x3c798
Called from [func: _tropnn_], at 0x27d4, args=0x0 0x41870 0x41868 0xffffffff
Called from [func: _MAIN_], at 0x2430, args=0x41844 0x32448 0x32440 0x32444
Called from [func: (null)], at 0xf76e0c38, args=0x0 0x1 0x1 0x2e000000
Called from [func: start], at 0x2064, args=0x0 0x10 0xf7fffb4c 0x32400
End traceback...
Note: Line numbers for system and library calls may be incorrect 
Begin traceback...
Called from [func: (null)], at 0xf7642c4c, args=0x2 0x0 0xf7735a3c 0xf7802650
Called from [func: (null)], at 0xf764b8e0, args=0x0 0x47000 0x80 0x1
Called from [func: (null)], at 0xf76e1e80, args=0x40450 0xffffffff 0x0 0xf7740db4
Called from [func: _trfind_], at 0x570c, args=0x3c7d7 0xf 0x40478 0xf7740db4
Called from [func: _MAIN_], at 0x24a4, args=0x41854 0x3245c 0x7 0x3c798
Called from [func: (null)], at 0xf76e0c38, args=0x0 0x1 0x1 0x2e000000
Called from [func: start], at 0x2064, args=0x0 0x10 0xf7fffb4c 0x32400
End traceback...
Note: Line numbers for system and library calls may be incorrect 
Begin traceback...
Called from [func: (null)], at 0xf7642c4c, args=0x2 0x0 0xf7735a3c 0xf7802650
Called from [func: (null)], at 0xf764b8e0, args=0x0 0x47000 0x80 0x89
Called from [func: (null)], at 0xf76e1e80, args=0x40450 0xffffffff 0x0 0xf7740db4
Called from [func: _trfind_], at 0x570c, args=0x3c7d7 0xf 0x40478 0xf7740db4
Called from [func: _MAIN_], at 0x24a4, args=0x41854 0x3245c 0x9 0x3c798
Called from [func: (null)], at 0xf76e0c38, args=0x0 0x1 0x1 0x2e000000
Called from [func: start], at 0x2064, args=0x0 0x10 0xf7fffb4c 0x32400
End traceback...
Note: Line numbers for system and library calls may be incorrect 
Begin traceback...
Called from [func: (null)], at 0xf7642c4c, args=0x2 0x0 0xf7735a3c 0xf7802650
Called from [func: (null)], at 0xf764b8e0, args=0x0 0x45030 0x80 0x1
Called from [func: (null)], at 0xf76e1e80, args=0x3e470 0xffffffff 0x1bb 0x30fc4
Called from [func: _trdelk_], at 0x3da0, args=0x3a495 0x19 0x3e498 0x304f8
Called from [func: _MAIN_], at 0x2584, args=0x3f874 0x0 0x30 0x0
Called from [func: (null)], at 0xf76e0c38, args=0x0 0x1 0x1 0x2e000000
Called from [func: start], at 0x2064, args=0x0 0x10 0xf7fffb4c 0x30400
End traceback...
Note: Line numbers for system and library calls may be incorrect 
Begin traceback...
Called from [func: (null)], at 0xf7642c4c, args=0x2 0x0 0xf7735a3c 0xf7802650
Called from [func: (null)], at 0xf764b8e0, args=0x0 0x44e70 0x80 0x1
Called from [func: (null)], at 0xf76e1e80, args=0x3e350 0xffffffff 0x1bb 0x30fc4
Called from [func: _trdelk_], at 0x3c84, args=0x3a41d 0x19 0x3e378 0x304f8
Called from [func: _MAIN_], at 0x2584, args=0x3f754 0x0 0x30 0x0
Called from [func: (null)], at 0xf76e0c38, args=0x0 0x1 0x1 0x2e000000
Called from [func: start], at 0x2064, args=0x0 0x10 0xf7fffb4c 0x30400
End traceback...
Note: Line numbers for system and library calls may be incorrect 
Begin traceback...
Called from [func: (null)], at 0xf7642c4c, args=0x2 0x0 0xf7735a3c 0xf7802650
Called from [func: (null)], at 0xf764b8e0, args=0x0 0x45040 0x80 0x1
Called from [func: (null)], at 0xf76e1e80, args=0x3e490 0xffffffff 0x1bb 0x31104
Called from [func: _trdelk_], at 0x3d9c, args=0x3a55d 0x19 0x3e4b8 0x30638
Called from [func: _MAIN_], at 0x2648, args=0x3f894 0x0 0x30 0x0
Called from [func: (null)], at 0xf76e0c38, args=0x0 0x1 0x1 0x2e000000
Called from [func: start], at 0x2064, args=0x0 0x10 0xf7fffb4c 0x30400
End traceback...
Note: Line numbers for system and library calls may be incorrect 
Begin traceback...
Called from [func: (null)], at 0xf7642c4c, args=0x2 0x0 0xf7735a3c 0xf7802650
Called from [func: (null)], at 0xf764b8e0, args=0x0 0x45030 0x80 0x1
Called from [func: (null)], at 0xf76e1e80, args=0x3e488 0xffffffff 0x99 0x30c74
Called from [func: _trdelk_], at 0x3cd4, args=0x3a555 0x19 0x3e4b0 0x30630
Called from [func: _MAIN_], at 0x2580, args=0x3f880 0x0 0x3fa88 0xffffffff
Called from [func: (null)], at 0xf76e0c38, args=0x0 0x1 0x1 0x2e000000
Called from [func: start], at 0x2064, args=0x0 0x10 0xf7fffb4c 0x30400
End traceback...
Note: Line numbers for system and library calls may be incorrect 
Begin traceback...
Called from [func: (null)], at 0xf7642c4c, args=0x2 0x0 0xf7735a3c 0xf7802650
Called from [func: (null)], at 0xf764b8e0, args=0x0 0x45030 0x80 0x1
Called from [func: (null)], at 0xf76e1e80, args=0x3e488 0xffffffff 0x99 0x30c74
Called from [func: _trdelk_], at 0x3cd4, args=0x3a555 0x19 0x3e4b0 0x30630
Called from [func: _MAIN_], at 0x2580, args=0x3f880 0x0 0x3fa88 0xffffffff
Called from [func: (null)], at 0xf76e0c38, args=0x0 0x1 0x1 0x2e000000
Called from [func: start], at 0x2064, args=0x0 0x10 0xf7fffb4c 0x30400
End traceback...
Note: Line numbers for system and library calls may be incorrect 
Begin traceback...
Called from [func: (null)], at 0xf7642c4c, args=0x2 0x0 0xf7735a3c 0xf7802650
Called from [func: (null)], at 0xf764b8e0, args=0x0 0x45030 0x80 0x1
Called from [func: (null)], at 0xf76e1e80, args=0x3e488 0xffffffff 0x99 0x30c74
Called from [func: _trdelk_], at 0x3cd4, args=0x3a555 0x19 0x3e4b0 0x30630
Called from [func: _MAIN_], at 0x2580, args=0x3f880 0x0 0x3fa88 0xffffffff
Called from [func: (null)], at 0xf76e0c38, args=0x0 0x1 0x1 0x2e000000
Called from [func: start], at 0x2064, args=0x0 0x10 0xf7fffb4c 0x30400
End traceback...
Note: Line numbers for system and library calls may be incorrect 
Begin traceback...
Called from [func: (null)], at 0xf7642c4c, args=0x2 0x0 0xf7735a3c 0xf7802650
Called from [func: (null)], at 0xf764b8e0, args=0x0 0x45030 0x80 0x1
Called from [func: (null)], at 0xf76e1e80, args=0x3e488 0xffffffff 0x99 0x30c74
Called from [func: _trdelk_], at 0x3cd4, args=0x3a555 0x19 0x3e4b0 0x30630
Called from [func: _MAIN_], at 0x2580, args=0x3f880 0x0 0x3fa88 0xffffffff
Called from [func: (null)], at 0xf76e0c38, args=0x0 0x1 0x1 0x2e000000
Called from [func: start], at 0x2064, args=0x0 0x10 0xf7fffb4c 0x30400
End traceback...
Note: Line numbers for system and library calls may be incorrect 
Begin traceback...
Called from [func: (null)], at 0xf7642c4c, args=0x2 0x0 0xf7735a3c 0xf7802650
Called from [func: (null)], at 0xf764b8e0, args=0x0 0x45030 0x80 0x1
Called from [func: (null)], at 0xf76e1e80, args=0x3e488 0xffffffff 0x99 0x30c74
Called from [func: _trdelk_], at 0x3cd4, args=0x3a555 0x19 0x3e4b0 0x30630
Called from [func: _MAIN_], at 0x2580, args=0x3f880 0x0 0x3fa88 0xffffffff
Called from [func: (null)], at 0xf76e0c38, args=0x0 0x1 0x1 0x2e000000
Called from [func: start], at 0x2064, args=0x0 0x10 0xf7fffb4c 0x30400
End traceback...
Note: Line numbers for system and library calls may be incorrect 
Begin traceback...
Called from [func: (null)], at 0xf7642c4c, args=0x2 0x0 0xf7735a3c 0xf7802650
Called from [func: (null)], at 0xf764b8e0, args=0x0 0x45030 0x80 0x1
Called from [func: (null)], at 0xf76e1e80, args=0x3e488 0xffffffff 0x99 0x30c74
Called from [func: _trdelk_], at 0x3cd4, args=0x3a555 0x19 0x3e4b0 0x30630
Called from [func: _MAIN_], at 0x2580, args=0x3f880 0x0 0x3fa88 0xffffffff
Called from [func: (null)], at 0xf76e0c38, args=0x0 0x1 0x1 0x2e000000
Called from [func: start], at 0x2064, args=0x0 0x10 0xf7fffb4c 0x30400
End traceback...
Note: Line numbers for system and library calls may be incorrect 
Begin traceback...
Called from [func: (null)], at 0xf7642c4c, args=0x2 0x0 0xf7735a3c 0xf7802650
Called from [func: (null)], at 0xf764b8e0, args=0x0 0x45038 0x80 0x1
Called from [func: (null)], at 0xf76e1e80, args=0x3e490 0xffffffff 0x87 0x614
Called from [func: _MAIN_], at 0x25f0, args=0x30566 0x1a 0x3e4b8 0x30638
Called from [func: (null)], at 0xf76e0c38, args=0x0 0x1 0x1 0x2e000000
Called from [func: start], at 0x2064, args=0x0 0x10 0xf7fffb4c 0x30400
End traceback...
Note: Line numbers for system and library calls may be incorrect 
Begin traceback...
Called from [func: (null)], at 0xf7642c4c, args=0x2 0x0 0xf7735a3c 0xf7802650
Called from [func: (null)], at 0xf764b8e0, args=0x0 0x45038 0x80 0x1
Called from [func: (null)], at 0xf76e1e80, args=0x3e490 0xffffffff 0x87 0x614
Called from [func: _MAIN_], at 0x25f0, args=0x30566 0x1a 0x3e4b8 0x30638
Called from [func: (null)], at 0xf76e0c38, args=0x0 0x1 0x1 0x2e000000
Called from [func: start], at 0x2064, args=0x0 0x10 0xf7fffb4c 0x30400
End traceback...
Note: Line numbers for system and library calls may be incorrect 
Begin traceback...
Called from [func: (null)], at 0xf7642c4c, args=0x2 0x0 0xf7735a3c 0xf7802650
Called from [func: (null)], at 0xf764b8e0, args=0x0 0x45038 0x80 0x1
Called from [func: (null)], at 0xf76e1e80, args=0x3e490 0xffffffff 0x87 0x614
Called from [func: _MAIN_], at 0x25f0, args=0x30566 0x1a 0x3e4b8 0x30638
Called from [func: (null)], at 0xf76e0c38, args=0x0 0x1 0x1 0x2e000000
Called from [func: start], at 0x2064, args=0x0 0x10 0xf7fffb4c 0x30400
End traceback...
Note: Line numbers for system and library calls may be incorrect 
Begin traceback...
Called from [func: (null)], at 0xf7642c4c, args=0x2 0x0 0xf7735a3c 0xf7802650
Called from [func: (null)], at 0xf764b8e0, args=0x0 0x450e0 0x80 0x1
Called from [func: (null)], at 0xf76e1e80, args=0x3e538 0xffffffff 0x87 0x614
Called from [func: _MAIN_], at 0x2614, args=0x305de 0x1a 0x3e560 0x306e0
Called from [func: (null)], at 0xf76e0c38, args=0x0 0x1 0x1 0x2e000000
Called from [func: start], at 0x2064, args=0x0 0x10 0xf7fffb4c 0x30400
End traceback...
Note: Line numbers for system and library calls may be incorrect 
Begin traceback...
Called from [func: (null)], at 0xf7642c4c, args=0x2 0x0 0xf7735a3c 0xf7802650
Called from [func: (null)], at 0xf764b8e0, args=0x0 0x450e0 0x80 0x1
Called from [func: (null)], at 0xf76e1e80, args=0x3e538 0xffffffff 0x87 0x614
Called from [func: _MAIN_], at 0x2614, args=0x305de 0x1a 0x3e560 0x306e0
Called from [func: (null)], at 0xf76e0c38, args=0x0 0x1 0x1 0x2e000000
Called from [func: start], at 0x2064, args=0x0 0x10 0xf7fffb4c 0x30400
End traceback...
Note: Line numbers for system and library calls may be incorrect 
Begin traceback...
Called from [func: (null)], at 0xf7642c4c, args=0x2 0x0 0xf7735a3c 0xf7802650
Called from [func: (null)], at 0xf764b8e0, args=0x0 0x450e0 0x80 0x1
Called from [func: (null)], at 0xf76e1e80, args=0x3e538 0xffffffff 0x87 0x614
Called from [func: _MAIN_], at 0x2614, args=0x305de 0x1a 0x3e560 0x306e0
Called from [func: (null)], at 0xf76e0c38, args=0x0 0x1 0x1 0x2e000000
Called from [func: start], at 0x2064, args=0x0 0x10 0xf7fffb4c 0x30400
End traceback...
Note: Line numbers for system and library calls may be incorrect 
Begin traceback...
Called from [func: (null)], at 0xf7642c4c, args=0x2 0x0 0xf7735a3c 0xf7802650
Called from [func: (null)], at 0xf764b8e0, args=0x0 0x450e0 0x80 0x1
Called from [func: (null)], at 0xf76e1e80, args=0x3e538 0xffffffff 0x87 0x614
Called from [func: _MAIN_], at 0x2614, args=0x305de 0x1a 0x3e560 0x306e0
Called from [func: (null)], at 0xf76e0c38, args=0x0 0x1 0x1 0x2e000000
Called from [func: start], at 0x2064, args=0x0 0x10 0xf7fffb4c 0x30400
End traceback...
Note: Line numbers for system and library calls may be incorrect 
Begin traceback...
Called from [func: (null)], at 0xf7642c4c, args=0x2 0x0 0xf7735a3c 0xf7802650
Called from [func: (null)], at 0xf764b8e0, args=0x0 0x450e8 0x80 0x1
Called from [func: (null)], at 0xf76e1e80, args=0x3e540 0xffffffff 0x87 0x614
Called from [func: _MAIN_], at 0x2614, args=0x305de 0x1a 0x3e568 0x306e8
Called from [func: (null)], at 0xf76e0c38, args=0x0 0x1 0x1 0x2e000000
Called from [func: start], at 0x2064, args=0x0 0x10 0xf7fffb4c 0x30400
End traceback...
Note: Line numbers for system and library calls may be incorrect 
Begin traceback...
Called from [func: (null)], at 0xf7642c4c, args=0x2 0x0 0xf7735a3c 0xf7802650
Called from [func: (null)], at 0xf764b8e0, args=0x0 0x45110 0x80 0x1
Called from [func: (null)], at 0xf76e1e80, args=0x3e548 0xffffffff 0x87 0x614
Called from [func: _MAIN_], at 0x2624, args=0x305de 0x1a 0x3e570 0x306e8
Called from [func: (null)], at 0xf76e0c38, args=0x0 0x1 0x1 0x2e000000
Called from [func: start], at 0x2064, args=0x0 0x10 0xf7fffb4c 0x30400
End traceback...
Note: Line numbers for system and library calls may be incorrect 
Begin traceback...
Called from [func: (null)], at 0xf7642c4c, args=0x2 0x0 0xf7735a3c 0xf7802650
Called from [func: (null)], at 0xf764b8e0, args=0x0 0x45110 0x80 0x1
Called from [func: (null)], at 0xf76e1e80, args=0x3e548 0xffffffff 0x87 0x614
Called from [func: _MAIN_], at 0x2654, args=0x305de 0x1a 0x3e570 0x306e8
Called from [func: (null)], at 0xf76e0c38, args=0x0 0x1 0x1 0x2e000000
Called from [func: start], at 0x2064, args=0x0 0x10 0xf7fffb4c 0x30400
End traceback...
Note: Line numbers for system and library calls may be incorrect 
Begin traceback...
Called from [func: (null)], at 0xf7642c4c, args=0x2 0x0 0xf7735a3c 0xf7802650
Called from [func: (null)], at 0xf764b8e0, args=0x0 0x45110 0x80 0x1
Called from [func: (null)], at 0xf76e1e80, args=0x3e548 0xffffffff 0x99 0x30d2c
Called from [func: _trdelk_], at 0x3e34, args=0x3a60d 0x19 0x3e570 0x306e8
Called from [func: _MAIN_], at 0x25d4, args=0x3f944 0x0 0x3fb48 0xffffffff
Called from [func: (null)], at 0xf76e0c38, args=0x0 0x1 0x1 0x2e000000
Called from [func: start], at 0x2064, args=0x0 0x10 0xf7fffb4c 0x30400
End traceback...
